<?xml version="1.0" encoding="UTF-8"?>
<!-- Generated by org.testng.reporters.JUnitReportReporter -->
<testsuite hostname="FFE-Manikantha-FFE119" failures="0" tests="3" name="Handelling_TestNG.ReporterLog" time="0.018" errors="0" timestamp="2024-08-10T12:43:36 IST" skipped="0">
  <testcase classname="Handelling_TestNG.ReporterLog" name="testA" time="0.015">
    <system-out>
      <![CDATA[Hello World
Hello World]]>
    </system-out>
  </testcase> <!-- testA -->
  <testcase classname="Handelling_TestNG.ReporterLog" name="testB" time="0.002">
    <system-out>
      <![CDATA[Bye World]]>
    </system-out>
  </testcase> <!-- testB -->
  <testcase classname="Handelling_TestNG.ReporterLog" name="testC" time="0.001"/>
  <system-out>
    <![CDATA[Hello World
Hello World
Bye World]]>
  </system-out>
</testsuite> <!-- Handelling_TestNG.ReporterLog -->
